\BOOKMARK [1][-]{section.1}{\376\377\000A\000p\000r\000e\000n\000d\000i\000z\000a\000d\000o\000\040\000d\000a\000\040\000A\000u\000l\000a}{}% 1
\BOOKMARK [1][-]{section.2}{\376\377\000T\000e\000m\000a\000s\000\040\000i\000m\000p\000a\000c\000t\000a\000n\000t\000e\000s\000,\000\040\000d\000\372\000v\000i\000d\000a\000s\000\040\000e\000\040\000q\000u\000e\000s\000t\000i\000o\000n\000a\000m\000e\000n\000t\000o\000s}{}% 2
\BOOKMARK [1][-]{section.3}{\376\377\000M\000i\000t\000o\000s\000\040\000e\000\040\000V\000e\000r\000d\000a\000d\000e\000s\000\040\000S\000o\000b\000r\000e\000\040\000D\000e\000s\000c\000a\000r\000g\000a\000s\000\040\000A\000t\000m\000o\000s\000f\000\351\000r\000i\000c\000a\000s}{}% 3
\BOOKMARK [1][-]{section.4}{\376\377\000N\000o\000r\000m\000a\000s}{}% 4
\BOOKMARK [2][-]{subsection.4.1}{\376\377\000N\000o\000r\000m\000a\000\040\000A\000B\000N\000T\000\040\000N\000B\000R\000\040\0005\0004\0001\0009}{section.4}% 5
\BOOKMARK [2][-]{subsection.4.2}{\376\377\000N\000o\000r\000m\000a\000\040\000A\000B\000N\000T\000\040\000N\000B\000R\000\040\0005\0004\0001\0000}{section.4}% 6
\BOOKMARK [2][-]{subsection.4.3}{\376\377\000N\000o\000r\000m\000a\000\040\000R\000e\000g\000u\000l\000a\000m\000e\000n\000t\000a\000d\000o\000r\000a\000\040\000N\000R\000-\0001\0000}{section.4}% 7
\BOOKMARK [1][-]{section.5}{\376\377\000N\000o\000m\000e\000s\000\040\000a\000o\000s\000\040\000B\000o\000i\000s\000\040\000-\000\040\000N\000o\000m\000e\000n\000c\000l\000a\000t\000u\000r\000a}{}% 8
\BOOKMARK [1][-]{section.6}{\376\377\000C\000r\000e\000n\000\347\000a\000s\000\040\000s\000o\000b\000r\000e\000\040\000o\000s\000\040\000R\000a\000i\000o\000s}{}% 9
\BOOKMARK [2][-]{subsection.6.1}{\376\377\000M\000i\000t\000o\000l\000o\000g\000i\000a\000\040\000N\000\363\000r\000d\000i\000c\000a}{section.6}% 10
\BOOKMARK [2][-]{subsection.6.2}{\376\377\000M\000i\000t\000o\000l\000o\000g\000i\000a\000\040\000S\000u\000m\000\351\000r\000i\000a}{section.6}% 11
\BOOKMARK [2][-]{subsection.6.3}{\376\377\000M\000i\000t\000o\000l\000o\000g\000i\000a\000\040\000B\000a\000b\000i\000l\000\364\000n\000i\000c\000a}{section.6}% 12
\BOOKMARK [2][-]{subsection.6.4}{\376\377\000M\000i\000t\000o\000l\000o\000g\000i\000a\000\040\000E\000g\000\355\000p\000c\000i\000a}{section.6}% 13
\BOOKMARK [2][-]{subsection.6.5}{\376\377\000M\000i\000t\000o\000l\000o\000g\000i\000a\000\040\000G\000r\000e\000g\000a}{section.6}% 14
\BOOKMARK [2][-]{subsection.6.6}{\376\377\000M\000i\000t\000o\000l\000o\000g\000i\000a\000\040\000M\000a\000i\000a}{section.6}% 15
\BOOKMARK [2][-]{subsection.6.7}{\376\377\000M\000i\000t\000o\000l\000o\000g\000i\000a\000\040\000A\000s\000t\000e\000c\000a}{section.6}% 16
\BOOKMARK [2][-]{subsection.6.8}{\376\377\000M\000i\000t\000o\000l\000o\000g\000i\000a\000\040\000I\000n\000c\000a}{section.6}% 17
\BOOKMARK [2][-]{subsection.6.9}{\376\377\000M\000i\000t\000o\000l\000o\000g\000i\000a\000\040\000A\000b\000o\000r\000\355\000g\000e\000n\000e}{section.6}% 18
\BOOKMARK [2][-]{subsection.6.10}{\376\377\000M\000i\000t\000o\000l\000o\000g\000i\000a\000\040\000C\000h\000i\000n\000e\000s\000a}{section.6}% 19
\BOOKMARK [2][-]{subsection.6.11}{\376\377\000M\000i\000t\000o\000l\000o\000g\000i\000a\000\040\000E\000s\000l\000a\000v\000a}{section.6}% 20
\BOOKMARK [2][-]{subsection.6.12}{\376\377\000M\000i\000t\000o\000l\000o\000g\000i\000a\000\040\000G\000a\000u\000l\000e\000s\000a}{section.6}% 21
\BOOKMARK [2][-]{subsection.6.13}{\376\377\000M\000i\000t\000o\000l\000o\000g\000i\000a\000s\000\040\000A\000f\000r\000i\000c\000a\000n\000a\000s}{section.6}% 22
\BOOKMARK [2][-]{subsection.6.14}{\376\377\000M\000i\000t\000o\000l\000o\000g\000i\000a\000\040\000I\000n\000d\000\355\000g\000e\000n\000a\000\040\000d\000o\000\040\000B\000r\000a\000s\000i\000l}{section.6}% 23
\BOOKMARK [2][-]{subsection.6.15}{\376\377\000M\000i\000t\000o\000l\000o\000g\000i\000a\000\040\000d\000o\000s\000\040\000p\000o\000v\000o\000s\000\040\000i\000n\000d\000\355\000g\000e\000n\000a\000s\000\040\000n\000o\000r\000t\000e\000-\000a\000m\000e\000r\000i\000c\000a\000n\000o\000s}{section.6}% 24
\BOOKMARK [2][-]{subsection.6.16}{\376\377\000M\000i\000t\000o\000l\000o\000g\000i\000a\000\040\000e\000s\000q\000u\000i\000m\000\363}{section.6}% 25
\BOOKMARK [2][-]{subsection.6.17}{\376\377\000M\000i\000t\000o\000l\000o\000g\000i\000a\000\040\000\341\000r\000a\000b\000e}{section.6}% 26
\BOOKMARK [2][-]{subsection.6.18}{\376\377\000M\000i\000t\000o\000l\000o\000g\000i\000a\000\040\000I\000n\000d\000o\000-\000e\000u\000r\000o\000p\000\351\000i\000a}{section.6}% 27
\BOOKMARK [2][-]{subsection.6.19}{\376\377\000M\000i\000t\000o\000l\000o\000g\000i\000a\000\040\000a\000n\000g\000l\000o\000-\000s\000a\000x\000\342}{section.6}% 28
\BOOKMARK [2][-]{subsection.6.20}{\376\377\000M\000i\000t\000o\000l\000o\000g\000i\000a\000\040\000U\000g\000a\000r\000\355\000t\000i\000c\000a}{section.6}% 29
\BOOKMARK [2][-]{subsection.6.21}{\376\377\000T\000r\000a\000d\000i\000\347\000\343\000o\000\040\000J\000u\000d\000a\000i\000c\000a}{section.6}% 30
\BOOKMARK [2][-]{subsection.6.22}{\376\377\000R\000a\000i\000o\000s\000\040\000n\000a\000\040\000B\000\355\000b\000l\000i\000a}{section.6}% 31
